[2026-01-17--01-38-47 INFO actix_server::builder] starting 5 workers
[2026-01-17--01-38-47 INFO actix_server::server] Tokio runtime found; starting in existing Tokio runtime
[2026-01-17--01-38-47 INFO actix_server::server] starting service: "actix-web-service-127.0.0.1:18488", workers: 5, listening on: 127.0.0.1:18488
[2026-01-17--01-39-03 INFO parity_ws] Listening for new connections on 127.0.0.1:8900.
[2026-01-17--01-39-41 INFO txtx::svm::deploy_program] [Recovery Instructions] - An ephemeral authority account will be created and funded to write to the buffer account.
[2026-01-17--01-39-41 INFO txtx::svm::deploy_program] [Recovery Instructions] - Please save the following information in case the deployment fails and the account needs to be recovered:
[2026-01-17--01-39-41 INFO txtx::svm::deploy_program] [Recovery Instructions] - Ephemeral authority public key: AKdAkVPbzcb7G17USUsDVHdUb3969WJsRgfjNsSmUfRy
[2026-01-17--01-39-41 INFO txtx::svm::deploy_program] [Recovery Instructions] - Ephemeral authority secret key: [185, 164, 223, 50, 254, 63, 146, 198, 218, 186, 79, 219, 86, 106, 203, 207, 123, 164, 145, 253, 239, 123, 113, 73, 232, 186, 237, 197, 143, 184, 52, 35, 138, 126, 136, 68, 240, 121, 131, 172, 250, 231, 130, 92, 22, 156, 207, 235, 75, 15, 245, 32, 28, 221, 201, 15, 22, 92, 23, 232, 187, 47, 13, 152]
[2026-01-17--01-39-56 INFO txtx::svm::deploy_program] Account Created - Ephemeral authority account created and funded to write to buffer
[2026-01-17--01-39-56 INFO txtx::svm::deploy_program] [Recovery Instructions] - Creating program buffer account at pubkey 9qRw23WR8CrYWdTW4kp91gEmDyZjRTmAgKYwt7155oyR
[2026-01-17--01-39-56 INFO txtx::svm::deploy_program] Account Created - Program buffer account created
[2026-01-17--01-40-00 INFO txtx::svm::deploy_program] Buffer Ready - Writing to buffer account is complete
[2026-01-17--01-40-01 INFO txtx::svm::deploy_program] Program Created - Program 27oKNGoeWvapUphsMpsyn5KYccXbvJQmyBavP7ubxdSH has been deployed
[2026-01-17--01-40-02 INFO txtx::svm::deploy_program] Complete - Ephemeral authority account closed and leftover funds returned to payer
[2026-01-17--01-43-35 INFO parity_ws::io] Accepted a new tcp connection from 127.0.0.1:46710.
[2026-01-17--01-47-36 INFO actix_server::worker] shutting down idle worker
[2026-01-17--01-47-36 INFO actix_server::worker] shutting down idle worker
[2026-01-17--01-47-36 INFO actix_server::worker] shutting down idle worker
[2026-01-17--01-47-36 INFO actix_server::worker] shutting down idle worker
[2026-01-17--01-47-36 INFO actix_server::accept] accept thread stopped
[2026-01-17--01-47-36 INFO actix_server::worker] shutting down idle worker
